c:\users\ryan thomas bray\desktop\packer\packer\release\aes.nativecodeanalysis.xml
c:\users\ryan thomas bray\desktop\packer\packer\release\pack.nativecodeanalysis.xml
c:\users\ryan thomas bray\desktop\packer\packer\release\packer.nativecodeanalysis.xml
c:\users\ryan thomas bray\desktop\packer\packer\release\vc141.pdb
c:\users\ryan thomas bray\desktop\packer\packer\release\packer.obj
c:\users\ryan thomas bray\desktop\packer\packer\release\pack.obj
c:\users\ryan thomas bray\desktop\packer\packer\release\aes.obj
c:\users\ryan thomas bray\desktop\packer\release\packer.exe
c:\users\ryan thomas bray\desktop\packer\release\packer.pdb
c:\users\ryan thomas bray\desktop\packer\release\packer.ipdb
c:\users\ryan thomas bray\desktop\packer\release\packer.iobj
c:\users\ryan thomas bray\desktop\packer\packer\release\nativecodeanalysis.read.1.tlog
c:\users\ryan thomas bray\desktop\packer\packer\release\vc.nativecodeanalysis.all.xml
c:\users\ryan thomas bray\desktop\packer\release\packer.exe.lastcodeanalysissucceeded
c:\users\ryan thomas bray\desktop\packer\packer\release\packer.tlog\cl.command.1.tlog
c:\users\ryan thomas bray\desktop\packer\packer\release\packer.tlog\cl.read.1.tlog
c:\users\ryan thomas bray\desktop\packer\packer\release\packer.tlog\cl.write.1.tlog
c:\users\ryan thomas bray\desktop\packer\packer\release\packer.tlog\link.command.1.tlog
c:\users\ryan thomas bray\desktop\packer\packer\release\packer.tlog\link.read.1.tlog
c:\users\ryan thomas bray\desktop\packer\packer\release\packer.tlog\link.write.1.tlog
c:\users\ryan thomas bray\desktop\packer\packer\release\packer.tlog\packer.write.1u.tlog
