  pack.c
c:\users\ryan thomas bray\desktop\packer\packer\pack.c(115): warning C4133: '-': incompatible types - from 'unsigned char *' to 'PIMAGE_SECTION_HEADER'
c:\users\ryan thomas bray\desktop\packer\packer\pack.c(125): warning C4018: '>': signed/unsigned mismatch
c:\users\ryan thomas bray\desktop\packer\packer\pack.c(197): warning C4018: '<': signed/unsigned mismatch
c:\users\ryan thomas bray\desktop\packer\packer\pack.c(221): warning C4018: '<': signed/unsigned mismatch
c:\users\ryan thomas bray\desktop\packer\packer\pack.c(241): warning C4018: '<': signed/unsigned mismatch
  Generating code
  Finished generating code
  0 of 20 functions ( 0.0%) were compiled, the rest were copied from previous compilation.
    0 functions were new in current compilation
    0 functions had inline decision re-evaluated but remain unchanged
  packer.vcxproj -> C:\Users\Ryan Thomas Bray\Desktop\packer\Release\packer.exe
  
  
  [+] Generating key
  [+] Packing
  [+] Header correct
  [+] Attempting to compress
  	[+] Input Size: 7680
  	[+] Output Size:5084
  [+] Compression complete
  [+] Encrypting
  	[+] Padding with 4 bytes
  	[+] Buffer size is now 5088 bytes
  	[+] Encryption Finished
  [+] Encryption complete
  [+] Adding section
  [+] Section added
  [+] Packing complete
  [+] Opening file
  [+] Writing to file
  [+] Closing file
  [+] Freeing memory and leaving packer
